C51 COMPILER V9.52.0.0   QEP                                                               12/02/2025 15:24:47 PAGE 1   


C51 COMPILER V9.52.0.0, COMPILATION OF MODULE QEP
OBJECT MODULE PLACED IN .\Output\QEP.obj
COMPILER INVOKED BY: E:\tools\keil4\C51\BIN\C51.EXE ..\User\source\Application\QEP.c LARGE OMF2 WARNINGLEVEL(0) BROWSE F
                    -LOATFUZZY(4) INCDIR(..\User\include;..\FU68xx_Haidware_Driver\Include) DEBUG PRINT(.\Listings\QEP.lst) TABS(2) OBJECT(.\
                    -Output\QEP.obj)

line level    source

   1          #include <MyProject.h>
   2          
   3          QEPTypedef xdata mcQEP;
   4          
   5          
   6          void EXTI_Init(void)
   7          {
   8   1      //    /*EXTI Input Pin 配置 ---------------------------------------- */
   9   1      //    ClrBit(P1_OE, P11);             /* 0: Disable digital output */
  10   1      //    SetBit(P1_PU, P11);             /* 0: Disable internal pull up */
  11   1      //      
  12   1      //    SetBit(P1_IE, P11);                     // P11作为外部中断口
  13   1      //    ClrBit(P1_IF, P11);                     // 清除P11外部中断
  14   1      //    /*-----------------------------------------------------------------------------------------------
  15   1      //    外部中断模式配置
  16   1      //    00: 上升沿产生中断  01: 下降沿产生中断  1x: 上升/下降沿产生中断
  17   1      //  -------------------------------------------------------------------------------------------------*/
  18   1      //    IT11 = 1;
  19   1      //    IT10 = 0;
  20   1      
  21   1      //    /*-------------------------------------------------------------------------------------------------
  22   1      //    外部中断优先级配置及芯片中断总使能
  23   1      //    PX01-PX00，中断优先级控制值从0-3依次表示优先级从最低到最高，共4级优化级
             -控制
  24   1      //    EX0，外部中断0使能
  25   1      //    EA,芯片中断总使能
  26   1      //    外部中断是否有滤波的配置，决定于选择硬件保护触发信号源，外部中断0或
             -者比较器3中断。
  27   1      //    若选择了比较器3中断，则外部中断无法进行滤波配置
  28   1      //    -------------------------------------------------------------------------------------------------*/
  29   1      //    PX11 = 1;
  30   1      //    PX10 = 1;               // 中断优先级别3，中断优先级最高,
  31   1      //    EX1 = 1;                // 使能外部中断1, P11作为外部中断输入源
  32   1      
  33   1      //    IF0  = 0;               // clear P00 interrupt flag
  34   1      //    EA = 1;                 // 使能全局中断
  35   1      
  36   1      
  37   1      ////////////////////测试模拟光耦//////////////////////////////////
  38   1          /*EXTI Input Pin 配置 ---------------------------------------- */
  39   1          ClrBit(P0_OE, P03);             /* 0: Disable digital output */
  40   1          SetBit(P0_PU, P03);             /* 0: Disable internal pull up */
  41   1            
  42   1          ClrBit(LVSR , EXT0CFG2);
  43   1          SetBit(LVSR , EXT0CFG1);
  44   1          SetBit(LVSR , EXT0CFG0);
  45   1          /*-----------------------------------------------------------------------------------------------
  46   1          外部中断模式配置
  47   1          00: 上升沿产生中断  01: 下降沿产生中断  1x: 上升/下降沿产生中断
  48   1        -------------------------------------------------------------------------------------------------*/
  49   1          IT01 = 0;
  50   1          IT00 = 0;
  51   1      
C51 COMPILER V9.52.0.0   QEP                                                               12/02/2025 15:24:47 PAGE 2   

  52   1          /*-------------------------------------------------------------------------------------------------
  53   1          外部中断优先级配置及芯片中断总使能
  54   1          PX01-PX00，中断优先级控制值从0-3依次表示优先级从最低到最高，共4级优化级
             -制
  55   1          EX0，外部中断0使能
  56   1          EA,芯片中断总使能
  57   1          外部中断是否有滤波的配置，决定于选择硬件保护触发信号源，外部中断0或
             -比较器3中断。
  58   1          若选择了比较器3中断，则外部中断无法进行滤波配置
  59   1          -------------------------------------------------------------------------------------------------*/
  60   1          PX01 = 1;
  61   1          PX00 = 1;               // 中断优先级别3，中断优先级最高,
  62   1          EX0 = 1;                // 使能外部中断1, P11作为外部中断输入源
  63   1      
  64   1          IF0  = 0;               // clear P00 interrupt flag
  65   1          EA = 1; 
  66   1      
  67   1      }
  68              
  69          


MODULE INFORMATION:   STATIC OVERLAYABLE
   CODE SIZE        =     34    ----
   CONSTANT SIZE    =   ----    ----
   XDATA SIZE       =    133    ----
   PDATA SIZE       =   ----    ----
   DATA SIZE        =   ----    ----
   IDATA SIZE       =   ----    ----
   BIT SIZE         =   ----    ----
   EDATA SIZE       =   ----    ----
   HDATA SIZE       =   ----    ----
   XDATA CONST SIZE =   ----    ----
   FAR CONST SIZE   =   ----    ----
END OF MODULE INFORMATION.


C51 COMPILATION COMPLETE.  0 WARNING(S),  0 ERROR(S)
